{"/home/leandro/Desktop/Microverse/jest-tests/ToDo_Redo/src/addremove.js": {"path":"/home/leandro/Desktop/Microverse/jest-tests/ToDo_Redo/src/addremove.js","statementMap":{"0":{"start":{"line":8,"column":29},"end":{"line":8,"column":52}},"1":{"start":{"line":9,"column":4},"end":{"line":9,"column":54}},"2":{"start":{"line":15,"column":4},"end":{"line":15,"column":35}},"3":{"start":{"line":16,"column":4},"end":{"line":16,"column":31}},"4":{"start":{"line":17,"column":4},"end":{"line":17,"column":23}},"5":{"start":{"line":21,"column":4},"end":{"line":21,"column":23}},"6":{"start":{"line":27,"column":4},"end":{"line":31,"column":7}},"7":{"start":{"line":28,"column":21},"end":{"line":28,"column":30}},"8":{"start":{"line":29,"column":6},"end":{"line":29,"column":88}},"9":{"start":{"line":30,"column":6},"end":{"line":30,"column":41}},"10":{"start":{"line":35,"column":22},"end":{"line":35,"column":44}},"11":{"start":{"line":36,"column":4},"end":{"line":36,"column":33}},"12":{"start":{"line":37,"column":4},"end":{"line":39,"column":5}},"13":{"start":{"line":37,"column":17},"end":{"line":37,"column":18}},"14":{"start":{"line":38,"column":6},"end":{"line":38,"column":53}},"15":{"start":{"line":40,"column":4},"end":{"line":40,"column":31}},"16":{"start":{"line":44,"column":4},"end":{"line":60,"column":5}},"17":{"start":{"line":45,"column":28},"end":{"line":45,"column":79}},"18":{"start":{"line":45,"column":53},"end":{"line":45,"column":78}},"19":{"start":{"line":46,"column":20},"end":{"line":46,"column":61}},"20":{"start":{"line":47,"column":6},"end":{"line":54,"column":7}},"21":{"start":{"line":47,"column":19},"end":{"line":47,"column":20}},"22":{"start":{"line":48,"column":21},"end":{"line":48,"column":67}},"23":{"start":{"line":49,"column":8},"end":{"line":53,"column":9}},"24":{"start":{"line":49,"column":21},"end":{"line":49,"column":22}},"25":{"start":{"line":50,"column":10},"end":{"line":52,"column":11}},"26":{"start":{"line":51,"column":12},"end":{"line":51,"column":54}},"27":{"start":{"line":56,"column":6},"end":{"line":59,"column":7}},"28":{"start":{"line":56,"column":19},"end":{"line":56,"column":20}},"29":{"start":{"line":57,"column":8},"end":{"line":57,"column":54}},"30":{"start":{"line":58,"column":8},"end":{"line":58,"column":35}},"31":{"start":{"line":66,"column":17},"end":{"line":66,"column":52}},"32":{"start":{"line":67,"column":20},"end":{"line":67,"column":48}},"33":{"start":{"line":68,"column":4},"end":{"line":68,"column":42}},"34":{"start":{"line":69,"column":4},"end":{"line":69,"column":46}},"35":{"start":{"line":70,"column":26},"end":{"line":70,"column":55}},"36":{"start":{"line":71,"column":4},"end":{"line":71,"column":58}},"37":{"start":{"line":72,"column":17},"end":{"line":72,"column":48}},"38":{"start":{"line":73,"column":4},"end":{"line":73,"column":42}},"39":{"start":{"line":74,"column":4},"end":{"line":74,"column":43}},"40":{"start":{"line":75,"column":4},"end":{"line":75,"column":36}},"41":{"start":{"line":76,"column":17},"end":{"line":76,"column":47}},"42":{"start":{"line":77,"column":17},"end":{"line":77,"column":64}},"43":{"start":{"line":78,"column":4},"end":{"line":78,"column":27}},"44":{"start":{"line":79,"column":4},"end":{"line":79,"column":36}},"45":{"start":{"line":80,"column":16},"end":{"line":80,"column":48}},"46":{"start":{"line":81,"column":4},"end":{"line":81,"column":29}},"47":{"start":{"line":82,"column":4},"end":{"line":82,"column":43}},"48":{"start":{"line":83,"column":17},"end":{"line":83,"column":44}},"49":{"start":{"line":84,"column":4},"end":{"line":84,"column":52}},"50":{"start":{"line":85,"column":4},"end":{"line":85,"column":36}},"51":{"start":{"line":86,"column":4},"end":{"line":86,"column":35}},"52":{"start":{"line":87,"column":4},"end":{"line":87,"column":46}},"53":{"start":{"line":88,"column":4},"end":{"line":88,"column":39}},"54":{"start":{"line":89,"column":4},"end":{"line":89,"column":30}},"55":{"start":{"line":94,"column":15},"end":{"line":94,"column":46}},"56":{"start":{"line":95,"column":15},"end":{"line":95,"column":66}},"57":{"start":{"line":96,"column":2},"end":{"line":96,"column":26}},"58":{"start":{"line":97,"column":2},"end":{"line":97,"column":37}},"59":{"start":{"line":98,"column":2},"end":{"line":98,"column":29}},"60":{"start":{"line":103,"column":4},"end":{"line":105,"column":5}},"61":{"start":{"line":103,"column":17},"end":{"line":103,"column":18}},"62":{"start":{"line":104,"column":6},"end":{"line":104,"column":47}},"63":{"start":{"line":107,"column":18},"end":{"line":107,"column":59}},"64":{"start":{"line":109,"column":4},"end":{"line":116,"column":5}},"65":{"start":{"line":109,"column":17},"end":{"line":109,"column":18}},"66":{"start":{"line":110,"column":6},"end":{"line":110,"column":72}},"67":{"start":{"line":110,"column":51},"end":{"line":110,"column":70}},"68":{"start":{"line":111,"column":6},"end":{"line":111,"column":64}},"69":{"start":{"line":111,"column":51},"end":{"line":111,"column":62}},"70":{"start":{"line":112,"column":6},"end":{"line":115,"column":9}},"71":{"start":{"line":113,"column":8},"end":{"line":113,"column":35}},"72":{"start":{"line":114,"column":8},"end":{"line":114,"column":35}},"73":{"start":{"line":118,"column":17},"end":{"line":118,"column":55}},"74":{"start":{"line":120,"column":4},"end":{"line":130,"column":5}},"75":{"start":{"line":120,"column":17},"end":{"line":120,"column":18}},"76":{"start":{"line":121,"column":6},"end":{"line":124,"column":9}},"77":{"start":{"line":122,"column":8},"end":{"line":122,"column":40}},"78":{"start":{"line":123,"column":8},"end":{"line":123,"column":35}},"79":{"start":{"line":126,"column":6},"end":{"line":129,"column":7}},"80":{"start":{"line":127,"column":8},"end":{"line":127,"column":44}},"81":{"start":{"line":128,"column":8},"end":{"line":128,"column":50}},"82":{"start":{"line":132,"column":18},"end":{"line":132,"column":50}},"83":{"start":{"line":133,"column":4},"end":{"line":135,"column":7}},"84":{"start":{"line":134,"column":6},"end":{"line":134,"column":39}},"85":{"start":{"line":137,"column":4},"end":{"line":137,"column":27}},"86":{"start":{"line":141,"column":17},"end":{"line":141,"column":48}},"87":{"start":{"line":142,"column":18},"end":{"line":142,"column":49}},"88":{"start":{"line":143,"column":4},"end":{"line":169,"column":7}},"89":{"start":{"line":144,"column":6},"end":{"line":168,"column":7}},"90":{"start":{"line":145,"column":8},"end":{"line":145,"column":25}},"91":{"start":{"line":146,"column":8},"end":{"line":146,"column":21}},"92":{"start":{"line":148,"column":22},"end":{"line":148,"column":63}},"93":{"start":{"line":150,"column":8},"end":{"line":157,"column":9}},"94":{"start":{"line":150,"column":21},"end":{"line":150,"column":22}},"95":{"start":{"line":151,"column":10},"end":{"line":151,"column":76}},"96":{"start":{"line":151,"column":55},"end":{"line":151,"column":74}},"97":{"start":{"line":152,"column":10},"end":{"line":152,"column":68}},"98":{"start":{"line":152,"column":55},"end":{"line":152,"column":66}},"99":{"start":{"line":153,"column":10},"end":{"line":156,"column":13}},"100":{"start":{"line":154,"column":12},"end":{"line":154,"column":39}},"101":{"start":{"line":155,"column":12},"end":{"line":155,"column":39}},"102":{"start":{"line":159,"column":21},"end":{"line":159,"column":59}},"103":{"start":{"line":160,"column":8},"end":{"line":165,"column":9}},"104":{"start":{"line":160,"column":21},"end":{"line":160,"column":22}},"105":{"start":{"line":161,"column":10},"end":{"line":164,"column":13}},"106":{"start":{"line":162,"column":12},"end":{"line":162,"column":44}},"107":{"start":{"line":163,"column":12},"end":{"line":163,"column":39}},"108":{"start":{"line":167,"column":8},"end":{"line":167,"column":31}},"109":{"start":{"line":174,"column":22},"end":{"line":174,"column":63}},"110":{"start":{"line":175,"column":26},"end":{"line":175,"column":27}},"111":{"start":{"line":177,"column":6},"end":{"line":181,"column":7}},"112":{"start":{"line":177,"column":19},"end":{"line":177,"column":20}},"113":{"start":{"line":178,"column":8},"end":{"line":180,"column":9}},"114":{"start":{"line":179,"column":10},"end":{"line":179,"column":28}},"115":{"start":{"line":182,"column":6},"end":{"line":182,"column":59}},"116":{"start":{"line":185,"column":18},"end":{"line":185,"column":51}},"117":{"start":{"line":186,"column":4},"end":{"line":192,"column":5}},"118":{"start":{"line":186,"column":17},"end":{"line":186,"column":18}},"119":{"start":{"line":187,"column":6},"end":{"line":187,"column":40}},"120":{"start":{"line":188,"column":6},"end":{"line":191,"column":9}},"121":{"start":{"line":189,"column":8},"end":{"line":189,"column":29}},"122":{"start":{"line":190,"column":8},"end":{"line":190,"column":35}}},"fnMap":{"0":{"name":"(anonymous_0)","decl":{"start":{"line":7,"column":2},"end":{"line":7,"column":3}},"loc":{"start":{"line":7,"column":26},"end":{"line":10,"column":3}},"line":7},"1":{"name":"(anonymous_1)","decl":{"start":{"line":14,"column":2},"end":{"line":14,"column":3}},"loc":{"start":{"line":14,"column":45},"end":{"line":18,"column":3}},"line":14},"2":{"name":"(anonymous_2)","decl":{"start":{"line":20,"column":2},"end":{"line":20,"column":3}},"loc":{"start":{"line":20,"column":21},"end":{"line":22,"column":3}},"line":20},"3":{"name":"(anonymous_3)","decl":{"start":{"line":26,"column":2},"end":{"line":26,"column":3}},"loc":{"start":{"line":26,"column":40},"end":{"line":32,"column":3}},"line":26},"4":{"name":"(anonymous_4)","decl":{"start":{"line":27,"column":34},"end":{"line":27,"column":35}},"loc":{"start":{"line":27,"column":42},"end":{"line":31,"column":5}},"line":27},"5":{"name":"(anonymous_5)","decl":{"start":{"line":34,"column":2},"end":{"line":34,"column":3}},"loc":{"start":{"line":34,"column":39},"end":{"line":41,"column":3}},"line":34},"6":{"name":"(anonymous_6)","decl":{"start":{"line":43,"column":2},"end":{"line":43,"column":3}},"loc":{"start":{"line":43,"column":31},"end":{"line":61,"column":3}},"line":43},"7":{"name":"(anonymous_7)","decl":{"start":{"line":45,"column":43},"end":{"line":45,"column":44}},"loc":{"start":{"line":45,"column":53},"end":{"line":45,"column":78}},"line":45},"8":{"name":"(anonymous_8)","decl":{"start":{"line":65,"column":2},"end":{"line":65,"column":3}},"loc":{"start":{"line":65,"column":32},"end":{"line":90,"column":3}},"line":65},"9":{"name":"addTask","decl":{"start":{"line":93,"column":16},"end":{"line":93,"column":23}},"loc":{"start":{"line":93,"column":33},"end":{"line":99,"column":1}},"line":93},"10":{"name":"(anonymous_10)","decl":{"start":{"line":102,"column":2},"end":{"line":102,"column":3}},"loc":{"start":{"line":102,"column":34},"end":{"line":138,"column":3}},"line":102},"11":{"name":"(anonymous_11)","decl":{"start":{"line":110,"column":45},"end":{"line":110,"column":46}},"loc":{"start":{"line":110,"column":51},"end":{"line":110,"column":70}},"line":110},"12":{"name":"(anonymous_12)","decl":{"start":{"line":111,"column":44},"end":{"line":111,"column":45}},"loc":{"start":{"line":111,"column":51},"end":{"line":111,"column":62}},"line":111},"13":{"name":"(anonymous_13)","decl":{"start":{"line":112,"column":40},"end":{"line":112,"column":41}},"loc":{"start":{"line":112,"column":47},"end":{"line":115,"column":7}},"line":112},"14":{"name":"(anonymous_14)","decl":{"start":{"line":121,"column":41},"end":{"line":121,"column":42}},"loc":{"start":{"line":121,"column":47},"end":{"line":124,"column":7}},"line":121},"15":{"name":"(anonymous_15)","decl":{"start":{"line":133,"column":36},"end":{"line":133,"column":37}},"loc":{"start":{"line":133,"column":42},"end":{"line":135,"column":5}},"line":133},"16":{"name":"(anonymous_16)","decl":{"start":{"line":140,"column":2},"end":{"line":140,"column":3}},"loc":{"start":{"line":140,"column":30},"end":{"line":170,"column":3}},"line":140},"17":{"name":"(anonymous_17)","decl":{"start":{"line":143,"column":39},"end":{"line":143,"column":40}},"loc":{"start":{"line":143,"column":46},"end":{"line":169,"column":5}},"line":143},"18":{"name":"(anonymous_18)","decl":{"start":{"line":151,"column":49},"end":{"line":151,"column":50}},"loc":{"start":{"line":151,"column":55},"end":{"line":151,"column":74}},"line":151},"19":{"name":"(anonymous_19)","decl":{"start":{"line":152,"column":48},"end":{"line":152,"column":49}},"loc":{"start":{"line":152,"column":55},"end":{"line":152,"column":66}},"line":152},"20":{"name":"(anonymous_20)","decl":{"start":{"line":153,"column":44},"end":{"line":153,"column":45}},"loc":{"start":{"line":153,"column":51},"end":{"line":156,"column":11}},"line":153},"21":{"name":"(anonymous_21)","decl":{"start":{"line":161,"column":45},"end":{"line":161,"column":46}},"loc":{"start":{"line":161,"column":51},"end":{"line":164,"column":11}},"line":161},"22":{"name":"(anonymous_22)","decl":{"start":{"line":172,"column":2},"end":{"line":172,"column":3}},"loc":{"start":{"line":172,"column":27},"end":{"line":193,"column":3}},"line":172},"23":{"name":"changeText","decl":{"start":{"line":173,"column":13},"end":{"line":173,"column":23}},"loc":{"start":{"line":173,"column":31},"end":{"line":183,"column":5}},"line":173},"24":{"name":"(anonymous_24)","decl":{"start":{"line":188,"column":40},"end":{"line":188,"column":41}},"loc":{"start":{"line":188,"column":46},"end":{"line":191,"column":7}},"line":188}},"branchMap":{"0":{"loc":{"start":{"line":44,"column":4},"end":{"line":60,"column":5}},"type":"if","locations":[{"start":{"line":44,"column":4},"end":{"line":60,"column":5}},{"start":{"line":44,"column":4},"end":{"line":60,"column":5}}],"line":44},"1":{"loc":{"start":{"line":50,"column":10},"end":{"line":52,"column":11}},"type":"if","locations":[{"start":{"line":50,"column":10},"end":{"line":52,"column":11}},{"start":{"line":50,"column":10},"end":{"line":52,"column":11}}],"line":50},"2":{"loc":{"start":{"line":126,"column":6},"end":{"line":129,"column":7}},"type":"if","locations":[{"start":{"line":126,"column":6},"end":{"line":129,"column":7}},{"start":{"line":126,"column":6},"end":{"line":129,"column":7}}],"line":126},"3":{"loc":{"start":{"line":144,"column":6},"end":{"line":168,"column":7}},"type":"if","locations":[{"start":{"line":144,"column":6},"end":{"line":168,"column":7}},{"start":{"line":144,"column":6},"end":{"line":168,"column":7}}],"line":144},"4":{"loc":{"start":{"line":178,"column":8},"end":{"line":180,"column":9}},"type":"if","locations":[{"start":{"line":178,"column":8},"end":{"line":180,"column":9}},{"start":{"line":178,"column":8},"end":{"line":180,"column":9}}],"line":178}},"s":{"0":0,"1":0,"2":2,"3":2,"4":2,"5":2,"6":2,"7":0,"8":0,"9":0,"10":0,"11":0,"12":0,"13":0,"14":0,"15":0,"16":0,"17":0,"18":0,"19":0,"20":0,"21":0,"22":0,"23":0,"24":0,"25":0,"26":0,"27":0,"28":0,"29":0,"30":0,"31":2,"32":2,"33":2,"34":2,"35":2,"36":2,"37":2,"38":2,"39":2,"40":2,"41":2,"42":2,"43":2,"44":2,"45":2,"46":2,"47":2,"48":2,"49":2,"50":2,"51":2,"52":2,"53":2,"54":2,"55":0,"56":0,"57":0,"58":0,"59":0,"60":0,"61":0,"62":0,"63":0,"64":0,"65":0,"66":0,"67":0,"68":0,"69":0,"70":0,"71":0,"72":0,"73":0,"74":0,"75":0,"76":0,"77":0,"78":0,"79":0,"80":0,"81":0,"82":0,"83":0,"84":0,"85":0,"86":0,"87":0,"88":0,"89":0,"90":0,"91":0,"92":0,"93":0,"94":0,"95":0,"96":0,"97":0,"98":0,"99":0,"100":0,"101":0,"102":0,"103":0,"104":0,"105":0,"106":0,"107":0,"108":0,"109":0,"110":0,"111":0,"112":0,"113":0,"114":0,"115":0,"116":0,"117":0,"118":0,"119":0,"120":0,"121":0,"122":0},"f":{"0":0,"1":2,"2":2,"3":2,"4":0,"5":0,"6":0,"7":0,"8":2,"9":0,"10":0,"11":0,"12":0,"13":0,"14":0,"15":0,"16":0,"17":0,"18":0,"19":0,"20":0,"21":0,"22":0,"23":0,"24":0},"b":{"0":[0,0],"1":[0,0],"2":[0,0],"3":[0,0],"4":[0,0]},"_coverageSchema":"1a1c01bbd47fc00a2c39e90264f33305004495a9","hash":"2b0f826694bad39fc5d298f869e918bfb50080e0"}
,"/home/leandro/Desktop/Microverse/jest-tests/ToDo_Redo/src/completion.js": {"path":"/home/leandro/Desktop/Microverse/jest-tests/ToDo_Redo/src/completion.js","statementMap":{"0":{"start":{"line":2,"column":18},"end":{"line":2,"column":59}},"1":{"start":{"line":3,"column":22},"end":{"line":3,"column":23}},"2":{"start":{"line":5,"column":2},"end":{"line":9,"column":3}},"3":{"start":{"line":5,"column":15},"end":{"line":5,"column":16}},"4":{"start":{"line":6,"column":4},"end":{"line":8,"column":5}},"5":{"start":{"line":7,"column":6},"end":{"line":7,"column":24}},"6":{"start":{"line":11,"column":2},"end":{"line":18,"column":3}},"7":{"start":{"line":12,"column":4},"end":{"line":12,"column":43}},"8":{"start":{"line":13,"column":4},"end":{"line":13,"column":42}},"9":{"start":{"line":15,"column":4},"end":{"line":15,"column":40}},"10":{"start":{"line":16,"column":4},"end":{"line":16,"column":46}},"11":{"start":{"line":17,"column":4},"end":{"line":17,"column":43}}},"fnMap":{"0":{"name":"isComplete","decl":{"start":{"line":1,"column":16},"end":{"line":1,"column":26}},"loc":{"start":{"line":1,"column":45},"end":{"line":19,"column":1}},"line":1}},"branchMap":{"0":{"loc":{"start":{"line":6,"column":4},"end":{"line":8,"column":5}},"type":"if","locations":[{"start":{"line":6,"column":4},"end":{"line":8,"column":5}},{"start":{"line":6,"column":4},"end":{"line":8,"column":5}}],"line":6},"1":{"loc":{"start":{"line":11,"column":2},"end":{"line":18,"column":3}},"type":"if","locations":[{"start":{"line":11,"column":2},"end":{"line":18,"column":3}},{"start":{"line":11,"column":2},"end":{"line":18,"column":3}}],"line":11}},"s":{"0":0,"1":0,"2":0,"3":0,"4":0,"5":0,"6":0,"7":0,"8":0,"9":0,"10":0,"11":0},"f":{"0":0},"b":{"0":[0,0],"1":[0,0]},"_coverageSchema":"1a1c01bbd47fc00a2c39e90264f33305004495a9","hash":"118853e057d7962c79d388f8079fec5b8ec17e2a"}
,"/home/leandro/Desktop/Microverse/jest-tests/ToDo_Redo/src/dropdrag.js": {"path":"/home/leandro/Desktop/Microverse/jest-tests/ToDo_Redo/src/dropdrag.js","statementMap":{"0":{"start":{"line":1,"column":14},"end":{"line":1,"column":18}},"1":{"start":{"line":3,"column":26},"end":{"line":7,"column":1}},"2":{"start":{"line":4,"column":15},"end":{"line":4,"column":26}},"3":{"start":{"line":5,"column":2},"end":{"line":5,"column":28}},"4":{"start":{"line":6,"column":2},"end":{"line":6,"column":21}},"5":{"start":{"line":9,"column":0},"end":{"line":11,"column":2}},"6":{"start":{"line":10,"column":2},"end":{"line":10,"column":42}},"7":{"start":{"line":13,"column":0},"end":{"line":15,"column":2}},"8":{"start":{"line":14,"column":2},"end":{"line":14,"column":46}},"9":{"start":{"line":18,"column":2},"end":{"line":18,"column":14}},"10":{"start":{"line":22,"column":2},"end":{"line":22,"column":21}},"11":{"start":{"line":26,"column":2},"end":{"line":26,"column":21}},"12":{"start":{"line":27,"column":2},"end":{"line":48,"column":3}},"13":{"start":{"line":28,"column":16},"end":{"line":28,"column":57}},"14":{"start":{"line":29,"column":23},"end":{"line":29,"column":24}},"15":{"start":{"line":30,"column":23},"end":{"line":30,"column":24}},"16":{"start":{"line":31,"column":4},"end":{"line":34,"column":5}},"17":{"start":{"line":31,"column":17},"end":{"line":31,"column":18}},"18":{"start":{"line":32,"column":6},"end":{"line":32,"column":51}},"19":{"start":{"line":32,"column":32},"end":{"line":32,"column":49}},"20":{"start":{"line":33,"column":6},"end":{"line":33,"column":45}},"21":{"start":{"line":33,"column":26},"end":{"line":33,"column":43}},"22":{"start":{"line":35,"column":4},"end":{"line":47,"column":5}},"23":{"start":{"line":36,"column":6},"end":{"line":36,"column":56}},"24":{"start":{"line":37,"column":6},"end":{"line":37,"column":47}},"25":{"start":{"line":38,"column":6},"end":{"line":40,"column":7}},"26":{"start":{"line":38,"column":19},"end":{"line":38,"column":20}},"27":{"start":{"line":39,"column":8},"end":{"line":39,"column":55}},"28":{"start":{"line":42,"column":6},"end":{"line":42,"column":44}},"29":{"start":{"line":43,"column":6},"end":{"line":43,"column":47}},"30":{"start":{"line":44,"column":6},"end":{"line":46,"column":7}},"31":{"start":{"line":44,"column":19},"end":{"line":44,"column":20}},"32":{"start":{"line":45,"column":8},"end":{"line":45,"column":55}}},"fnMap":{"0":{"name":"(anonymous_0)","decl":{"start":{"line":3,"column":26},"end":{"line":3,"column":27}},"loc":{"start":{"line":3,"column":57},"end":{"line":7,"column":1}},"line":3},"1":{"name":"(anonymous_1)","decl":{"start":{"line":9,"column":23},"end":{"line":9,"column":24}},"loc":{"start":{"line":9,"column":49},"end":{"line":11,"column":1}},"line":9},"2":{"name":"(anonymous_2)","decl":{"start":{"line":13,"column":23},"end":{"line":13,"column":24}},"loc":{"start":{"line":13,"column":43},"end":{"line":15,"column":1}},"line":13},"3":{"name":"dragStart","decl":{"start":{"line":17,"column":16},"end":{"line":17,"column":25}},"loc":{"start":{"line":17,"column":29},"end":{"line":19,"column":1}},"line":17},"4":{"name":"dragOver","decl":{"start":{"line":21,"column":16},"end":{"line":21,"column":24}},"loc":{"start":{"line":21,"column":28},"end":{"line":23,"column":1}},"line":21},"5":{"name":"drop","decl":{"start":{"line":25,"column":16},"end":{"line":25,"column":20}},"loc":{"start":{"line":25,"column":36},"end":{"line":49,"column":1}},"line":25}},"branchMap":{"0":{"loc":{"start":{"line":27,"column":2},"end":{"line":48,"column":3}},"type":"if","locations":[{"start":{"line":27,"column":2},"end":{"line":48,"column":3}},{"start":{"line":27,"column":2},"end":{"line":48,"column":3}}],"line":27},"1":{"loc":{"start":{"line":32,"column":6},"end":{"line":32,"column":51}},"type":"if","locations":[{"start":{"line":32,"column":6},"end":{"line":32,"column":51}},{"start":{"line":32,"column":6},"end":{"line":32,"column":51}}],"line":32},"2":{"loc":{"start":{"line":33,"column":6},"end":{"line":33,"column":45}},"type":"if","locations":[{"start":{"line":33,"column":6},"end":{"line":33,"column":45}},{"start":{"line":33,"column":6},"end":{"line":33,"column":45}}],"line":33},"3":{"loc":{"start":{"line":35,"column":4},"end":{"line":47,"column":5}},"type":"if","locations":[{"start":{"line":35,"column":4},"end":{"line":47,"column":5}},{"start":{"line":35,"column":4},"end":{"line":47,"column":5}}],"line":35}},"s":{"0":1,"1":1,"2":0,"3":0,"4":0,"5":1,"6":0,"7":1,"8":0,"9":0,"10":0,"11":0,"12":0,"13":0,"14":0,"15":0,"16":0,"17":0,"18":0,"19":0,"20":0,"21":0,"22":0,"23":0,"24":0,"25":0,"26":0,"27":0,"28":0,"29":0,"30":0,"31":0,"32":0},"f":{"0":0,"1":0,"2":0,"3":0,"4":0,"5":0},"b":{"0":[0,0],"1":[0,0],"2":[0,0],"3":[0,0]},"_coverageSchema":"1a1c01bbd47fc00a2c39e90264f33305004495a9","hash":"5f00e6bcaa4404299f32218cf4d707fa50af3f7b"}
}
